[debug] [2019-12-14T14:02:00.750Z] ----------------------------------------------------------------------
[debug] [2019-12-14T14:02:00.753Z] Command:       C:\Program Files\nodejs\node.exe C:\Users\Taha\AppData\Roaming\npm\node_modules\firebase-tools\lib\bin\firebase.js init
[debug] [2019-12-14T14:02:00.753Z] CLI Version:   7.10.0
[debug] [2019-12-14T14:02:00.753Z] Platform:      win32
[debug] [2019-12-14T14:02:00.753Z] Node Version:  v12.13.1
[debug] [2019-12-14T14:02:00.755Z] Time:          Sat Dec 14 2019 19:02:00 GMT+0500 (Yekaterinburg Standard Time)
[debug] [2019-12-14T14:02:00.755Z] ----------------------------------------------------------------------
[debug] [2019-12-14T14:02:00.756Z] 
[debug] [2019-12-14T14:02:00.762Z] > command requires scopes: ["email","openid","https://www.googleapis.com/auth/cloudplatformprojects.readonly","https://www.googleapis.com/auth/firebase","https://www.googleapis.com/auth/cloud-platform"]
[debug] [2019-12-14T14:02:00.762Z] > authorizing via signed-in user
[info] 
     ######## #### ########  ######## ########     ###     ######  ########
     ##        ##  ##     ## ##       ##     ##  ##   ##  ##       ##
     ######    ##  ########  ######   ########  #########  ######  ######
     ##        ##  ##    ##  ##       ##     ## ##     ##       ## ##
     ##       #### ##     ## ######## ########  ##     ##  ######  ########

You're about to initialize a Firebase project in this directory:

  F:\Mern Apps\Sookhay AdminPanel\my-app

[info] 
=== Project Setup
[info] 
[info] First, let's associate this project directory with a Firebase project.
[info] You can create multiple project aliases by running firebase use --add, 
[info] but for now we'll just set up a default project.
[info] 
[debug] [2019-12-14T14:02:21.201Z] > refreshing access token with scopes: ["email","https://www.googleapis.com/auth/cloud-platform","https://www.googleapis.com/auth/cloudplatformprojects.readonly","https://www.googleapis.com/auth/firebase","openid"]
[debug] [2019-12-14T14:02:21.201Z] >>> HTTP REQUEST POST https://www.googleapis.com/oauth2/v3/token  
 <request body omitted>
[debug] [2019-12-14T14:02:21.763Z] <<< HTTP RESPONSE 200
[debug] [2019-12-14T14:02:21.860Z] >>> HTTP REQUEST GET https://firebase.googleapis.com/v1beta1/projects?pageSize=100  
 
[debug] [2019-12-14T14:02:22.780Z] <<< HTTP RESPONSE 200
[info] i  Using project sokhaypaindayapp (sokhaypaindayapp)
[info] 
=== Database Setup
[info] 
[info] Firebase Realtime Database Rules allow you to define how your data should be
[info] structured and when your data can be read from and written to.
[info] 
[debug] [2019-12-14T14:02:38.947Z] >>> HTTP REQUEST GET https://sokhaypaindayapp.firebaseio.com/.settings/rules.json  
 
[debug] [2019-12-14T14:02:40.395Z] <<< HTTP RESPONSE 200
[info] +  Database Rules for sokhaypaindayapp have been downloaded to database.rules.json.
[info] Future modifications to database.rules.json will update Database Rules when you run
[info] firebase deploy.
[info] 
=== Hosting Setup
[info] 
[info] Your public directory is the folder (relative to your project directory) that
[info] will contain Hosting assets to be uploaded with firebase deploy. If you
[info] have a build process for your assets, use your build's output directory.
[info] 
[info] +  Wrote public/404.html
[debug] [2019-12-14T14:02:59.481Z] >>> HTTP REQUEST GET https://www.gstatic.com/firebasejs/releases.json  
 
[debug] [2019-12-14T14:02:59.888Z] <<< HTTP RESPONSE 200
[debug] [2019-12-14T17:15:41.773Z] Error: kill ENOSYS
    at process.kill (internal/process/per_thread.js:189:13)
    at process.listener (C:\Users\Taha\AppData\Roaming\npm\node_modules\firebase-tools\node_modules\signal-exit\index.js:95:15)
    at process.emit (events.js:210:5)
[error] 
[error] Error: An unexpected error has occurred.
